WARNING:py.warnings:/home/css/edx-edutech/apps/edx/edx-platform/lms/djangoapps/courseware/__init__.py:5: DeprecationWarning: Importing 'lms.djangoapps.courseware' as 'courseware' is no longer supported
  warnings.warn("Importing 'lms.djangoapps.courseware' as 'courseware' is no longer supported", DeprecationWarning)

2020-01-28 06:20:21,553 WARNING 8625 [enterprise.utils] utils.py:50 - Could not import Registry from third_party_auth.provider
2020-01-28 06:20:21,553 WARNING 8625 [enterprise.utils] utils.py:51 - cannot import name EnterpriseCustomerUser
[2020-01-28 06:20:27,570: WARNING/MainProcess] /home/css/edx-edutech/apps/edx/venvs/edxapp/lib/python2.7/site-packages/celery/apps/worker.py:161: CDeprecationWarning: 
Starting from version 3.2 Celery will refuse to accept pickle by default.

The pickle serializer is a security concern as it may give attackers
the ability to execute any command.  It's important to secure
your broker from unauthorized access when using pickle, so we think
that enabling pickle should require a deliberate action and not be
the default choice.

If you depend on pickle then you should set a setting to disable this
warning and to be sure that everything will continue working
when you upgrade to Celery 3.2::

    CELERY_ACCEPT_CONTENT = ['pickle', 'json', 'msgpack', 'yaml']

You must only enable the serializers that you will actually use.


  warnings.warn(CDeprecationWarning(W_PICKLE_DEPRECATED))

 
 -------------- celery@edx.cms.core.default.css-Latitude-E6440 v3.1.25 (Cipater)
---- **** ----- 
--- * ***  * -- Linux-4.15.0-74-generic-x86_64-with-debian-stretch-sid
-- * - **** --- 
- ** ---------- [config]
- ** ---------- .> app:         proj:0x7f2d57e966d0
- ** ---------- .> transport:   amqp://bn_edx:**@localhost:5672//
- ** ---------- .> results:     
- *** --- * --- .> concurrency: 1 (prefork)
-- ******* ---- 
--- ***** ----- [queues]
 -------------- .> edx.cms.core.default exchange=edx.cms.core(direct) key=edx.cms.core.default
                

[tasks]
  . celery_utils.tasks.mark_resolved
  . cms.djangoapps.contentstore.tasks.CourseExportTask
  . cms.djangoapps.contentstore.tasks.CourseImportTask
  . cms.djangoapps.contentstore.tasks.async_migrate_transcript
  . cms.djangoapps.contentstore.tasks.async_migrate_transcript_subtask
  . cms.djangoapps.contentstore.tasks.export_olx
  . cms.djangoapps.contentstore.tasks.import_olx
  . cms.djangoapps.contentstore.tasks.push_course_update_task
  . cms.djangoapps.contentstore.tasks.rerun_course
  . cms.djangoapps.contentstore.tasks.task_scrape_youtube_thumbnail
  . cms.djangoapps.contentstore.tasks.task_scrape_youtube_thumbnail_callback
  . cms.djangoapps.contentstore.tasks.task_status_callback
  . cms.djangoapps.contentstore.tasks.update_library_index
  . cms.djangoapps.contentstore.tasks.update_search_index
  . cms_user_tasks.tasks.send_task_complete_email
  . contentstore.tasks.CourseExportTask
  . contentstore.tasks.CourseImportTask
  . contentstore.tasks.async_migrate_transcript
  . contentstore.tasks.async_migrate_transcript_subtask
  . contentstore.tasks.export_olx
  . contentstore.tasks.import_olx
  . contentstore.tasks.push_course_update_task
  . contentstore.tasks.rerun_course
  . contentstore.tasks.task_scrape_youtube_thumbnail
  . contentstore.tasks.task_scrape_youtube_thumbnail_callback
  . contentstore.tasks.task_status_callback
  . contentstore.tasks.update_library_index
  . contentstore.tasks.update_search_index
  . edx_sga.tasks.zip_student_submissions
  . entitlements.tasks.expire_old_entitlements
  . integrated_channels.integrated_channel.tasks.transmit_content_metadata
  . integrated_channels.integrated_channel.tasks.transmit_learner_data
  . integrated_channels.integrated_channel.tasks.unlink_inactive_learners
  . lms.djangoapps.discussion.tasks.send_ace_message
  . lms.djangoapps.discussion.tasks.update_discussions_map
  . lms.djangoapps.email_marketing.tasks.get_email_cookies_via_sailthru
  . lms.djangoapps.email_marketing.tasks.update_course_enrollment
  . lms.djangoapps.email_marketing.tasks.update_user
  . lms.djangoapps.email_marketing.tasks.update_user_email
  . lms.djangoapps.grades.tasks.compute_all_grades_for_course
  . lms.djangoapps.grades.tasks.compute_grades_for_course
  . lms.djangoapps.grades.tasks.compute_grades_for_course_v2
  . lms.djangoapps.grades.tasks.recalculate_course_and_subsection_grades_for_user
  . lms.djangoapps.grades.tasks.recalculate_subsection_grade_v3
  . openedx.core.djangoapps.content.block_structure.tasks.get_course_in_cache
  . openedx.core.djangoapps.content.block_structure.tasks.get_course_in_cache_v2
  . openedx.core.djangoapps.content.block_structure.tasks.update_course_in_cache
  . openedx.core.djangoapps.content.block_structure.tasks.update_course_in_cache_v2
  . openedx.core.djangoapps.coursegraph.tasks.dump_course_to_neo4j
  . openedx.core.djangoapps.credit.tasks.update_credit_course_requirements
  . openedx.core.djangoapps.schedules.tasks.ScheduleCourseUpdate
  . openedx.core.djangoapps.schedules.tasks.ScheduleMessageBaseTask
  . openedx.core.djangoapps.schedules.tasks.ScheduleRecurringNudge
  . openedx.core.djangoapps.schedules.tasks.ScheduleUpgradeReminder
  . openedx.core.djangoapps.schedules.tasks._course_update_schedule_send
  . openedx.core.djangoapps.schedules.tasks._recurring_nudge_schedule_send
  . openedx.core.djangoapps.schedules.tasks._upgrade_reminder_schedule_send
  . openedx.core.djangoapps.schedules.tasks.update_course_schedules
  . openedx.core.djangoapps.service_status.tasks.delayed_[2020-01-28 06:20:27,772: INFO/MainProcess] Connected to amqp://bn_edx:**@127.0.0.1:5672//
[2020-01-28 06:20:27,797: INFO/MainProcess] mingle: searching for neighbors
[2020-01-28 06:20:28,850: INFO/MainProcess] mingle: sync with 2 nodes
[2020-01-28 06:20:28,851: INFO/MainProcess] mingle: sync complete
[2020-01-28 06:20:28,952: WARNING/MainProcess] celery@edx.cms.core.default.css-Latitude-E6440 ready.
[2020-01-28 06:20:39,796: INFO/MainProcess] Received task: lms.djangoapps.discussion.tasks.update_discussions_map[3c06b349-0218-451d-bc7e-550da541c902] eta:[2020-01-28 06:21:09.779236-05:00]
[2020-01-28 06:20:39,817: ERROR/MainProcess] Received unregistered task of type u'openedx.core.djangoapps.bookmarks.tasks.update_xblock_cache'.
The message has been ignored and discarded.

Did you remember to import the module containing this task?
Or maybe you are using relative imports?
Please see http://bit.ly/gLye1c for more information.

The full contents of the message body was:
{u'utc': True, u'chord': None, u'args': [u'course-v1:edX+DemoX+Demo_Course'], u'retries': 0, u'expires': None, u'task': u'openedx.core.djangoapps.bookmarks.tasks.update_xblock_cache', u'callbacks': None, u'errbacks': None, u'timelimit': [None, None], u'taskset': None, u'kwargs': {}, u'eta': None, u'id': u'2d9e5cd2-6da3-4ee9-8494-159069dcd7f2'} (329b)
Traceback (most recent call last):
  File "/home/css/edx-edutech/apps/edx/venvs/edxapp/lib/python2.7/site-packages/celery/worker/consumer.py", line 465, in on_task_received
    strategies[type_](message, body,
KeyError: u'openedx.core.djangoapps.bookmarks.tasks.update_xblock_cache'
[2020-01-28 06:20:48,013: INFO/MainProcess] Received task: lms.djangoapps.discussion.tasks.update_discussions_map[00b7fd37-c9c4-4fca-b8f1-10a7dcb0f80e] eta:[2020-01-28 06:21:17.996669-05:00]
[2020-01-28 06:20:48,030: ERROR/MainProcess] Received unregistered task of type u'openedx.core.djangoapps.bookmarks.tasks.update_xblock_cache'.
The message has been ignored and discarded.

Did you remember to import the module containing this task?
Or maybe you are using relative imports?
Please see http://bit.ly/gLye1c for more information.

The full contents of the message body was:
{u'utc': True, u'chord': None, u'args': [u'course-v1:edX+DemoX+Demo_Course'], u'retries': 0, u'expires': None, u'task': u'openedx.core.djangoapps.bookmarks.tasks.update_xblock_cache', u'callbacks': None, u'errbacks': None, u'timelimit': [None, None], u'taskset': None, u'kwargs': {}, u'eta': None, u'id': u'05cd9aa8-5b66-46f3-b23c-a845efc36860'} (329b)
Traceback (most recent call last):
  File "/home/css/edx-edutech/apps/edx/venvs/edxapp/lib/python2.7/site-packages/celery/worker/consumer.py", line 465, in on_task_received
    strategies[type_](message, body,
KeyError: u'openedx.core.djangoapps.bookmarks.tasks.update_xblock_cache'
[2020-01-28 06:20:49,847: INFO/MainProcess] Received task: lms.djangoapps.discussion.tasks.update_discussions_map[4500b7ba-701a-4dbc-a096-874675e78348] eta:[2020-01-28 06:21:19.829869-05:00]
[2020-01-28 06:20:49,864: ERROR/MainProcess] Received unregistered task of type u'openedx.core.djangoapps.bookmarks.tasks.update_xblock_cache'.
The message has been ignored and discarded.

Did you remember to import the module containing this task?
Or maybe you are using relative imports?
Please see http://bit.ly/gLye1c for more information.

The full contents of the message body was:
{u'utc': True, u'chord': None, u'args': [u'course-v1:edX+DemoX+Demo_Course'], u'retries': 0, u'expires': None, u'task': u'openedx.core.djangoapps.bookmarks.tasks.update_xblock_cache', u'callbacks': None, u'errbacks': None, u'timelimit': [None, None], u'taskset': None, u'kwargs': {}, u'eta': None, u'id': u'5705674e-ba8a-4993-a0ad-36a0d6d1da06'} (329b)
Traceback (most recent call last):
  File "/home/css/edx-edutech/apps/edx/venvs/edxapp/lib/python2.7/site-packages/celery/worker/consumer.py", line 465, in on_task_received
    strategies[type_](message, body,
KeyError: u'openedx.core.djangoapps.bookmarks.tasks.update_xblock_cache'
[2020-01-28 06:21:10,182: INFO/MainProcess] Task lms.djangoapps.discussion.tasks.update_discussions_map[3c06b349-0218-451d-bc7e-550da541c902] succeeded in 0.275619261s: None
[2020-01-28 06:21:18,229: INFO/MainProcess] Task lms.djangoapps.discussion.tasks.update_discussions_map[00b7fd37-c9c4-4fca-b8f1-10a7dcb0f80e] succeeded in 0.151699942s: None
[2020-01-28 06:21:20,072: INFO/MainProcess] Task lms.djangoapps.discussion.tasks.update_discussions_map[4500b7ba-701a-4dbc-a096-874675e78348] succeeded in 0.160123526s: None
Killed
WARNING:py.warnings:/home/css/edx-edutech/apps/edx/edx-platform/lms/djangoapps/courseware/__init__.py:5: DeprecationWarning: Importing 'lms.djangoapps.courseware' as 'courseware' is no longer supported
  warnings.warn("Importing 'lms.djangoapps.courseware' as 'courseware' is no longer supported", DeprecationWarning)

2020-01-28 08:25:49,984 WARNING 15745 [enterprise.utils] utils.py:50 - Could not import Registry from third_party_auth.provider
2020-01-28 08:25:49,985 WARNING 15745 [enterprise.utils] utils.py:51 - cannot import name EnterpriseCustomerUser
[2020-01-28 08:25:56,380: WARNING/MainProcess] /home/css/edx-edutech/apps/edx/venvs/edxapp/lib/python2.7/site-packages/celery/apps/worker.py:161: CDeprecationWarning: 
Starting from version 3.2 Celery will refuse to accept pickle by default.

The pickle serializer is a security concern as it may give attackers
the ability to execute any command.  It's important to secure
your broker from unauthorized access when using pickle, so we think
that enabling pickle should require a deliberate action and not be
the default choice.

If you depend on pickle then you should set a setting to disable this
warning and to be sure that everything will continue working
when you upgrade to Celery 3.2::

    CELERY_ACCEPT_CONTENT = ['pickle', 'json', 'msgpack', 'yaml']

You must only enable the serializers that you will actually use.


  warnings.warn(CDeprecationWarning(W_PICKLE_DEPRECATED))

 
 -------------- celery@edx.cms.core.default.css-Latitude-E6440 v3.1.25 (Cipater)
---- **** ----- 
--- * ***  * -- Linux-4.15.0-74-generic-x86_64-with-debian-stretch-sid
-- * - **** --- 
- ** ---------- [config]
- ** ---------- .> app:         proj:0x7f27d158a6d0
- ** ---------- .> transport:   amqp://bn_edx:**@localhost:5672//
- ** ---------- .> results:     
- *** --- * --- .> concurrency: 1 (prefork)
-- ******* ---- 
--- ***** ----- [queues]
 -------------- .> edx.cms.core.default exchange=edx.cms.core(direct) key=edx.cms.core.default
                

[tasks]
  . celery_utils.tasks.mark_resolved
  . cms.djangoapps.contentstore.tasks.CourseExportTask
  . cms.djangoapps.contentstore.tasks.CourseImportTask
  . cms.djangoapps.contentstore.tasks.async_migrate_transcript
  . cms.djangoapps.contentstore.tasks.async_migrate_transcript_subtask
  . cms.djangoapps.contentstore.tasks.export_olx
  . cms.djangoapps.contentstore.tasks.import_olx
  . cms.djangoapps.contentstore.tasks.push_course_update_task
  . cms.djangoapps.contentstore.tasks.rerun_course
  . cms.djangoapps.contentstore.tasks.task_scrape_youtube_thumbnail
  . cms.djangoapps.contentstore.tasks.task_scrape_youtube_thumbnail_callback
  . cms.djangoapps.contentstore.tasks.task_status_callback
  . cms.djangoapps.contentstore.tasks.update_library_index
  . cms.djangoapps.contentstore.tasks.update_search_index
  . cms_user_tasks.tasks.send_task_complete_email
  . contentstore.tasks.CourseExportTask
  . contentstore.tasks.CourseImportTask
  . contentstore.tasks.async_migrate_transcript
  . contentstore.tasks.async_migrate_transcript_subtask
  . contentstore.tasks.export_olx
  . contentstore.tasks.import_olx
  . contentstore.tasks.push_course_update_task
  . contentstore.tasks.rerun_course
  . contentstore.tasks.task_scrape_youtube_thumbnail
  . contentstore.tasks.task_scrape_youtube_thumbnail_callback
  . contentstore.tasks.task_status_callback
  . contentstore.tasks.update_library_index
  . contentstore.tasks.update_search_index
  . edx_sga.tasks.zip_student_submissions
  . entitlements.tasks.expire_old_entitlements
  . integrated_channels.integrated_channel.tasks.transmit_content_metadata
  . integrated_channels.integrated_channel.tasks.transmit_learner_data
  . integrated_channels.integrated_channel.tasks.unlink_inactive_learners
  . lms.djangoapps.discussion.tasks.send_ace_message
  . lms.djangoapps.discussion.tasks.update_discussions_map
  . lms.djangoapps.email_marketing.tasks.get_email_cookies_via_sailthru
  . lms.djangoapps.email_marketing.tasks.update_course_enrollment
  . lms.djangoapps.email_marketing.tasks.update_user
  . lms.djangoapps.email_marketing.tasks.update_user_email
  . lms.djangoapps.grades.tasks.compute_all_grades_for_course
  . lms.djangoapps.grades.tasks.compute_grades_for_course
  . lms.djangoapps.grades.tasks.compute_grades_for_course_v2
  . lms.djangoapps.grades.tasks.recalculate_course_and_subsection_grades_for_user
  . lms.djangoapps.grades.tasks.recalculate_subsection_grade_v3
  . openedx.core.djangoapps.content.block_structure.tasks.get_course_in_cache
  . openedx.core.djangoapps.content.block_structure.tasks.get_course_in_cache_v2
  . openedx.core.djangoapps.content.block_structure.tasks.update_course_in_cache
  . openedx.core.djangoapps.content.block_structure.tasks.update_course_in_cache_v2
  . openedx.core.djangoapps.coursegraph.tasks.dump_course_to_neo4j
  . openedx.core.djangoapps.credit.tasks.update_credit_course_requirements
  . openedx.core.djangoapps.schedules.tasks.ScheduleCourseUpdate
  . openedx.core.djangoapps.schedules.tasks.ScheduleMessageBaseTask
  . openedx.core.djangoapps.schedules.tasks.ScheduleRecurringNudge
  . openedx.core.djangoapps.schedules.tasks.ScheduleUpgradeReminder
  . openedx.core.djangoapps.schedules.tasks._course_update_schedule_send
  . openedx.core.djangoapps.schedules.tasks._recurring_nudge_schedule_send
  . openedx.core.djangoapps.schedules.tasks._upgrade_reminder_schedule_send
  . openedx.core.djangoapps.schedules.tasks.update_course_schedules
  . openedx.core.djangoapps.service_status.tasks.delayed_[2020-01-28 08:25:56,558: ERROR/MainProcess] consumer: Cannot connect to amqp://bn_edx:**@127.0.0.1:5672//: [Errno 111] Connection refused.
Trying again in 2.00 seconds...

[2020-01-28 08:25:58,572: ERROR/MainProcess] consumer: Cannot connect to amqp://bn_edx:**@127.0.0.1:5672//: [Errno 111] Connection refused.
Trying again in 4.00 seconds...

[2020-01-28 08:26:02,589: ERROR/MainProcess] consumer: Cannot connect to amqp://bn_edx:**@127.0.0.1:5672//: [Errno 111] Connection refused.
Trying again in 6.00 seconds...

[2020-01-28 08:26:08,605: INFO/MainProcess] Connected to amqp://bn_edx:**@127.0.0.1:5672//
[2020-01-28 08:26:08,620: INFO/MainProcess] mingle: searching for neighbors
[2020-01-28 08:26:09,710: INFO/MainProcess] mingle: all alone
[2020-01-28 08:26:09,739: WARNING/MainProcess] celery@edx.cms.core.default.css-Latitude-E6440 ready.

Restarting celery worker (./manage.py cms --settings=bitnami celery worker -I contentstore.tasks --loglevel=info --queues=edx.cms.core.default --hostname=edx.cms.core.default.%h --concurrency=1)

worker: Warm shutdown (MainProcess)
ping
  . openedx.core.djangoapps.verified_track_content.tasks.sync_cohort_with_mode
  . student.tasks.send_activation_email
  . user_tasks.tasks.purge_old_user_tasks

WARNING:py.warnings:/home/css/edx-edutech/apps/edx/edx-platform/lms/djangoapps/courseware/__init__.py:5: DeprecationWarning: Importing 'lms.djangoapps.courseware' as 'courseware' is no longer supported
  warnings.warn("Importing 'lms.djangoapps.courseware' as 'courseware' is no longer supported", DeprecationWarning)

2020-01-28 11:00:56,261 WARNING 15745 [enterprise.utils] utils.py:50 - Could not import Registry from third_party_auth.provider
2020-01-28 11:00:56,261 WARNING 15745 [enterprise.utils] utils.py:51 - cannot import name EnterpriseCustomerUser
Traceback (most recent call last):
  File "./manage.py", line 123, in <module>
    execute_from_command_line([sys.argv[0]] + django_args)
  File "/home/css/edx-edutech/apps/edx/venvs/edxapp/lib/python2.7/site-packages/django/core/management/__init__.py", line 364, in execute_from_command_line
    utility.execute()
  File "/home/css/edx-edutech/apps/edx/venvs/edxapp/lib/python2.7/site-packages/django/core/management/__init__.py", line 356, in execute
    self.fetch_command(subcommand).run_from_argv(self.argv)
  File "/home/css/edx-edutech/apps/edx/venvs/edxapp/lib/python2.7/site-packages/djcelery/management/commands/celery.py", line 21, in run_from_argv
    ['{0[0]} {0[1]}'.format(argv)] + argv[2:],
  File "/home/css/edx-edutech/apps/edx/venvs/edxapp/lib/python2.7/site-packages/celery/bin/celery.py", line 793, in execute_from_commandline
    super(CeleryCommand, self).execute_from_commandline(argv)))
  File "/home/css/edx-edutech/apps/edx/venvs/edxapp/lib/python2.7/site-packages/celery/bin/base.py", line 311, in execute_from_commandline
    return self.handle_argv(self.prog_name, argv[1:])
  File "/home/css/edx-edutech/apps/edx/venvs/edxapp/lib/python2.7/site-packages/celery/bin/celery.py", line 785, in handle_argv
    return self.execute(command, argv)
  File "/home/css/edx-edutech/apps/edx/venvs/edxapp/lib/python2.7/site-packages/celery/bin/celery.py", line 717, in execute
    ).run_from_argv(self.prog_name, argv[1:], command=argv[0])
  File "/home/css/edx-edutech/apps/edx/venvs/edxapp/lib/python2.7/site-packages/celery/bin/worker.py", line 179, in run_from_argv
    return self(*args, **options)
  File "/home/css/edx-edutech/apps/edx/venvs/edxapp/lib/python2.7/site-packages/celery/bin/base.py", line 274, in __call__
    ret = self.run(*args, **kwargs)
  File "/home/css/edx-edutech/apps/edx/venvs/edxapp/lib/python2.7/site-packages/celery/bin/worker.py", line 212, in run
    state_db=self.node_format(state_db, hostname), **kwargs
  File "/home/css/edx-edutech/apps/edx/venvs/edxapp/lib/python2.7/site-packages/celery/worker/__init__.py", line 95, in __init__
    self.app.loader.init_worker()
  File "/home/css/edx-edutech/apps/edx/venvs/edxapp/lib/python2.7/site-packages/celery/loaders/base.py", line 128, in init_worker
    self.import_default_modules()
  File "/home/css/edx-edutech/apps/edx/venvs/edxapp/lib/python2.7/site-packages/celery/loaders/base.py", line 116, in import_default_modules
    signals.import_modules.send(sender=self.app)
  File "/home/css/edx-edutech/apps/edx/venvs/edxapp/lib/python2.7/site-packages/celery/utils/dispatch/signal.py", line 166, in send
    response = receiver(signal=self, sender=sender, **named)
  File "/home/css/edx-edutech/apps/edx/venvs/edxapp/lib/python2.7/site-packages/celery/fixups/django.py", line 73, in on_import_modules
    self.worker_fixup.validate_models()
  File "/home/css/edx-edutech/apps/edx/venvs/edxapp/lib/python2.7/site-packages/celery/fixups/django.py", line 173, in validate_models
    cmd.check()
  File "/home/css/edx-edutech/apps/edx/venvs/edxapp/lib/python2.7/site-packages/django/core/management/base.py", line 359, in check
    include_deployment_checks=include_deployment_checks,
  File "/home/css/edx-edutech/apps/edx/venvs/edxapp/lib/python2.7/site-packages/django/core/management/base.py", line 346, in _run_checks
    return checks.run_checks(**kwargs)
  File "/home/css/edx-edutech/apps/edx/venvs/edxapp/lib/python2.7/site-packages/django/core/checks/registry.py", line 81, in run_checks
    new_errors = check(app_configs=app_configs)
  File "/home/css/edx-edutech/apps/edx/venvs/edxapp/lib/python2.7/site-packages/django/core/checks/model_checks.py", line 30, in check_all_models
    errors.extend(model.check(**kwargs))
  File "/home/css/edx-edutech/apps/edx/venvs/edxapp/lib/python2.7/site-packages/django/db/models/base.py", line 1284, in check
    errors.extend(cls._check_fields(**kwargs))
  File "/home/css/edx-edutech/apps/edx/venvs/edxapp/lib/python2.7/site-packages/django/db/models/base.py", line 1359, in _check_fields
    errors.extend(field.check(**kwargs))
  File "/home/css/edx-edutech/apps/edx/venvs/edxapp/lib/python2.7/site-packages/django/db/models/fields/__init__.py", line 913, in check
    errors = super(AutoField, self).check(**kwargs)
  File "/home/css/edx-edutech/apps/edx/venvs/edxapp/lib/python2.7/site-packages/django/db/models/fields/__init__.py", line 219, in check
    errors.extend(self._check_backend_specific_checks(**kwargs))
  File "/home/css/edx-edutech/apps/edx/venvs/edxapp/lib/python2.7/site-packages/django/db/models/fields/__init__.py", line 322, in _check_backend_specific_checks
    return connections[db].validation.check_field(self, **kwargs)
  File "/home/css/edx-edutech/apps/edx/venvs/edxapp/lib/python2.7/site-packages/django/db/backends/mysql/validation.py", line 49, in check_field
    field_type = field.db_type(self.connection)
  File "/home/css/edx-edutech/apps/edx/venvs/edxapp/lib/python2.7/site-packages/django/db/models/fields/__init__.py", line 644, in db_type
    return connection.data_types[self.get_internal_type()] % data
  File "/home/css/edx-edutech/apps/edx/venvs/edxapp/lib/python2.7/site-packages/django/utils/functional.py", line 35, in __get__
    res = instance.__dict__[self.name] = self.func(instance)
  File "/home/css/edx-edutech/apps/edx/venvs/edxapp/lib/python2.7/site-packages/django/db/backends/mysql/base.py", line 174, in data_types
    if self.features.supports_microsecond_precision:
  File "/home/css/edx-edutech/apps/edx/venvs/edxapp/lib/python2.7/site-packages/django/utils/functional.py", line 35, in __get__
    res = instance.__dict__[self.name] = self.func(instance)
  File "/home/css/edx-edutech/apps/edx/venvs/edxapp/lib/python2.7/site-packages/django/db/backends/mysql/features.py", line 53, in supports_microsecond_precision
    return self.connection.mysql_version >= (5, 6, 4) and Database.version_info >= (1, 2, 5)
  File "/home/css/edx-edutech/apps/edx/venvs/edxapp/lib/python2.7/site-packages/django/utils/functional.py", line 35, in __get__
    res = instance.__dict__[self.name] = self.func(instance)
  File "/home/css/edx-edutech/apps/edx/venvs/edxapp/lib/python2.7/site-packages/django/db/backends/mysql/base.py", line 385, in mysql_version
    with self.temporary_connection() as cursor:
  File "/home/css/edx-edutech/python/lib/python2.7/contextlib.py", line 17, in __enter__
    return self.gen.next()
  File "/home/css/edx-edutech/apps/edx/venvs/edxapp/lib/python2.7/site-packages/django/db/backends/base/base.py", line 591, in temporary_connection
    cursor = self.cursor()
  File "/home/css/edx-edutech/apps/edx/venvs/edxapp/lib/python2.7/site-packages/django/db/backends/base/base.py", line 254, in cursor
    return self._cursor()
  File "/home/css/edx-edutech/apps/edx/venvs/edxapp/lib/python2.7/site-packages/django/db/backends/base/base.py", line 229, in _cursor
    self.ensure_connection()
  File "/home/css/edx-edutech/apps/edx/venvs/edxapp/lib/python2.7/site-packages/django/db/backends/base/base.py", line 213, in ensure_connection
    self.connect()
  File "/home/css/edx-edutech/apps/edx/venvs/edxapp/lib/python2.7/site-packages/django/db/utils.py", line 94, in __exit__
    six.reraise(dj_exc_type, dj_exc_value, traceback)
  File "/home/css/edx-edutech/apps/edx/venvs/edxapp/lib/python2.7/site-packages/django/db/backends/base/base.py", line 213, in ensure_connection
    self.connect()
  File "/home/css/edx-edutech/apps/edx/venvs/edxapp/lib/python2.7/site-packages/django/db/backends/base/base.py", line 189, in connect
    self.connection = self.get_new_connection(conn_params)
  File "/home/css/edx-edutech/apps/edx/venvs/edxapp/lib/python2.7/site-packages/django/db/backends/mysql/base.py", line 274, in get_new_connection
    conn = Database.connect(**conn_params)
  File "/home/css/edx-edutech/apps/edx/venvs/edxapp/lib/python2.7/site-packages/MySQLdb/__init__.py", line 81, in Connect
    return Connection(*args, **kwargs)
  File "/home/css/edx-edutech/apps/edx/venvs/edxapp/lib/python2.7/site-packages/MySQLdb/connections.py", line 193, in __init__
    super(Connection, self).__init__(*args, **kwargs2)
django.db.utils.OperationalError: (2002, "Can't connect to local MySQL server through socket '/home/css/edx-edutech/mysql/tmp/mysql.sock' (2)")
WARNING:py.warnings:/home/css/edx-edutech/apps/edx/edx-platform/lms/djangoapps/courseware/__init__.py:5: DeprecationWarning: Importing 'lms.djangoapps.courseware' as 'courseware' is no longer supported
  warnings.warn("Importing 'lms.djangoapps.courseware' as 'courseware' is no longer supported", DeprecationWarning)

2020-01-29 00:01:43,351 WARNING 6435 [enterprise.utils] utils.py:50 - Could not import Registry from third_party_auth.provider
2020-01-29 00:01:43,369 WARNING 6435 [enterprise.utils] utils.py:51 - cannot import name EnterpriseCustomerUser
[2020-01-29 00:01:55,053: WARNING/MainProcess] /home/css/edx-edutech/apps/edx/venvs/edxapp/lib/python2.7/site-packages/celery/apps/worker.py:161: CDeprecationWarning: 
Starting from version 3.2 Celery will refuse to accept pickle by default.

The pickle serializer is a security concern as it may give attackers
the ability to execute any command.  It's important to secure
your broker from unauthorized access when using pickle, so we think
that enabling pickle should require a deliberate action and not be
the default choice.

If you depend on pickle then you should set a setting to disable this
warning and to be sure that everything will continue working
when you upgrade to Celery 3.2::

    CELERY_ACCEPT_CONTENT = ['pickle', 'json', 'msgpack', 'yaml']

You must only enable the serializers that you will actually use.


  warnings.warn(CDeprecationWarning(W_PICKLE_DEPRECATED))

 
 -------------- celery@edx.cms.core.default.css-Latitude-E6440 v3.1.25 (Cipater)
---- **** ----- 
--- * ***  * -- Linux-4.15.0-74-generic-x86_64-with-debian-stretch-sid
-- * - **** --- 
- ** ---------- [config]
- ** ---------- .> app:         proj:0x7fe134aa7690
- ** ---------- .> transport:   amqp://bn_edx:**@localhost:5672//
- ** ---------- .> results:     
- *** --- * --- .> concurrency: 1 (prefork)
-- ******* ---- 
--- ***** ----- [queues]
 -------------- .> edx.cms.core.default exchange=edx.cms.core(direct) key=edx.cms.core.default
                

[tasks]
  . celery_utils.tasks.mark_resolved
  . cms.djangoapps.contentstore.tasks.CourseExportTask
  . cms.djangoapps.contentstore.tasks.CourseImportTask
  . cms.djangoapps.contentstore.tasks.async_migrate_transcript
  . cms.djangoapps.contentstore.tasks.async_migrate_transcript_subtask
  . cms.djangoapps.contentstore.tasks.export_olx
  . cms.djangoapps.contentstore.tasks.import_olx
  . cms.djangoapps.contentstore.tasks.push_course_update_task
  . cms.djangoapps.contentstore.tasks.rerun_course
  . cms.djangoapps.contentstore.tasks.task_scrape_youtube_thumbnail
  . cms.djangoapps.contentstore.tasks.task_scrape_youtube_thumbnail_callback
  . cms.djangoapps.contentstore.tasks.task_status_callback
  . cms.djangoapps.contentstore.tasks.update_library_index
  . cms.djangoapps.contentstore.tasks.update_search_index
  . cms_user_tasks.tasks.send_task_complete_email
  . contentstore.tasks.CourseExportTask
  . contentstore.tasks.CourseImportTask
  . contentstore.tasks.async_migrate_transcript
  . contentstore.tasks.async_migrate_transcript_subtask
  . contentstore.tasks.export_olx
  . contentstore.tasks.import_olx
  . contentstore.tasks.push_course_update_task
  . contentstore.tasks.rerun_course
  . contentstore.tasks.task_scrape_youtube_thumbnail
  . contentstore.tasks.task_scrape_youtube_thumbnail_callback
  . contentstore.tasks.task_status_callback
  . contentstore.tasks.update_library_index
  . contentstore.tasks.update_search_index
  . edx_sga.tasks.zip_student_submissions
  . entitlements.tasks.expire_old_entitlements
  . integrated_channels.integrated_channel.tasks.transmit_content_metadata
  . integrated_channels.integrated_channel.tasks.transmit_learner_data
  . integrated_channels.integrated_channel.tasks.unlink_inactive_learners
  . lms.djangoapps.discussion.tasks.send_ace_message
  . lms.djangoapps.discussion.tasks.update_discussions_map
  . lms.djangoapps.email_marketing.tasks.get_email_cookies_via_sailthru
  . lms.djangoapps.email_marketing.tasks.update_course_enrollment
  . lms.djangoapps.email_marketing.tasks.update_user
  . lms.djangoapps.email_marketing.tasks.update_user_email
  . lms.djangoapps.grades.tasks.compute_all_grades_for_course
  . lms.djangoapps.grades.tasks.compute_grades_for_course
  . lms.djangoapps.grades.tasks.compute_grades_for_course_v2
  . lms.djangoapps.grades.tasks.recalculate_course_and_subsection_grades_for_user
  . lms.djangoapps.grades.tasks.recalculate_subsection_grade_v3
  . openedx.core.djangoapps.content.block_structure.tasks.get_course_in_cache
  . openedx.core.djangoapps.content.block_structure.tasks.get_course_in_cache_v2
  . openedx.core.djangoapps.content.block_structure.tasks.update_course_in_cache
  . openedx.core.djangoapps.content.block_structure.tasks.update_course_in_cache_v2
  . openedx.core.djangoapps.coursegraph.tasks.dump_course_to_neo4j
  . openedx.core.djangoapps.credit.tasks.update_credit_course_requirements
  . openedx.core.djangoapps.schedules.tasks.ScheduleCourseUpdate
  . openedx.core.djangoapps.schedules.tasks.ScheduleMessageBaseTask
  . openedx.core.djangoapps.schedules.tasks.ScheduleRecurringNudge
  . openedx.core.djangoapps.schedules.tasks.ScheduleUpgradeReminder
  . openedx.core.djangoapps.schedules.tasks._course_update_schedule_send
  . openedx.core.djangoapps.schedules.tasks._recurring_nudge_schedule_send
  . openedx.core.djangoapps.schedules.tasks._upgrade_reminder_schedule_send
  . openedx.core.djangoapps.schedules.tasks.update_course_schedules
  . openedx.core.djangoapps.service_status.tasks.delayed_[2020-01-29 00:01:55,337: INFO/MainProcess] Connected to amqp://bn_edx:**@127.0.0.1:5672//
[2020-01-29 00:01:55,374: INFO/MainProcess] mingle: searching for neighbors
[2020-01-29 00:01:56,495: INFO/MainProcess] mingle: all alone
[2020-01-29 00:01:56,519: WARNING/MainProcess] celery@edx.cms.core.default.css-Latitude-E6440 ready.
Killed
WARNING:py.warnings:/home/css/edx-edutech/apps/edx/edx-platform/lms/djangoapps/courseware/__init__.py:5: DeprecationWarning: Importing 'lms.djangoapps.courseware' as 'courseware' is no longer supported
  warnings.warn("Importing 'lms.djangoapps.courseware' as 'courseware' is no longer supported", DeprecationWarning)

2020-01-29 01:55:41,280 WARNING 31775 [enterprise.utils] utils.py:50 - Could not import Registry from third_party_auth.provider
2020-01-29 01:55:41,280 WARNING 31775 [enterprise.utils] utils.py:51 - cannot import name EnterpriseCustomerUser
[2020-01-29 01:55:45,994: WARNING/MainProcess] /home/css/edx-edutech/apps/edx/venvs/edxapp/lib/python2.7/site-packages/celery/apps/worker.py:161: CDeprecationWarning: 
Starting from version 3.2 Celery will refuse to accept pickle by default.

The pickle serializer is a security concern as it may give attackers
the ability to execute any command.  It's important to secure
your broker from unauthorized access when using pickle, so we think
that enabling pickle should require a deliberate action and not be
the default choice.

If you depend on pickle then you should set a setting to disable this
warning and to be sure that everything will continue working
when you upgrade to Celery 3.2::

    CELERY_ACCEPT_CONTENT = ['pickle', 'json', 'msgpack', 'yaml']

You must only enable the serializers that you will actually use.


  warnings.warn(CDeprecationWarning(W_PICKLE_DEPRECATED))

 
 -------------- celery@edx.cms.core.default.css-Latitude-E6440 v3.1.25 (Cipater)
---- **** ----- 
--- * ***  * -- Linux-4.15.0-74-generic-x86_64-with-debian-stretch-sid
-- * - **** --- 
- ** ---------- [config]
- ** ---------- .> app:         proj:0x7ff9e01a9690
- ** ---------- .> transport:   amqp://bn_edx:**@localhost:5672//
- ** ---------- .> results:     
- *** --- * --- .> concurrency: 1 (prefork)
-- ******* ---- 
--- ***** ----- [queues]
 -------------- .> edx.cms.core.default exchange=edx.cms.core(direct) key=edx.cms.core.default
                

[tasks]
  . celery_utils.tasks.mark_resolved
  . cms.djangoapps.contentstore.tasks.CourseExportTask
  . cms.djangoapps.contentstore.tasks.CourseImportTask
  . cms.djangoapps.contentstore.tasks.async_migrate_transcript
  . cms.djangoapps.contentstore.tasks.async_migrate_transcript_subtask
  . cms.djangoapps.contentstore.tasks.export_olx
  . cms.djangoapps.contentstore.tasks.import_olx
  . cms.djangoapps.contentstore.tasks.push_course_update_task
  . cms.djangoapps.contentstore.tasks.rerun_course
  . cms.djangoapps.contentstore.tasks.task_scrape_youtube_thumbnail
  . cms.djangoapps.contentstore.tasks.task_scrape_youtube_thumbnail_callback
  . cms.djangoapps.contentstore.tasks.task_status_callback
  . cms.djangoapps.contentstore.tasks.update_library_index
  . cms.djangoapps.contentstore.tasks.update_search_index
  . cms_user_tasks.tasks.send_task_complete_email
  . contentstore.tasks.CourseExportTask
  . contentstore.tasks.CourseImportTask
  . contentstore.tasks.async_migrate_transcript
  . contentstore.tasks.async_migrate_transcript_subtask
  . contentstore.tasks.export_olx
  . contentstore.tasks.import_olx
  . contentstore.tasks.push_course_update_task
  . contentstore.tasks.rerun_course
  . contentstore.tasks.task_scrape_youtube_thumbnail
  . contentstore.tasks.task_scrape_youtube_thumbnail_callback
  . contentstore.tasks.task_status_callback
  . contentstore.tasks.update_library_index
  . contentstore.tasks.update_search_index
  . edx_sga.tasks.zip_student_submissions
  . entitlements.tasks.expire_old_entitlements
  . integrated_channels.integrated_channel.tasks.transmit_content_metadata
  . integrated_channels.integrated_channel.tasks.transmit_learner_data
  . integrated_channels.integrated_channel.tasks.unlink_inactive_learners
  . lms.djangoapps.discussion.tasks.send_ace_message
  . lms.djangoapps.discussion.tasks.update_discussions_map
  . lms.djangoapps.email_marketing.tasks.get_email_cookies_via_sailthru
  . lms.djangoapps.email_marketing.tasks.update_course_enrollment
  . lms.djangoapps.email_marketing.tasks.update_user
  . lms.djangoapps.email_marketing.tasks.update_user_email
  . lms.djangoapps.grades.tasks.compute_all_grades_for_course
  . lms.djangoapps.grades.tasks.compute_grades_for_course
  . lms.djangoapps.grades.tasks.compute_grades_for_course_v2
  . lms.djangoapps.grades.tasks.recalculate_course_and_subsection_grades_for_user
  . lms.djangoapps.grades.tasks.recalculate_subsection_grade_v3
  . openedx.core.djangoapps.content.block_structure.tasks.get_course_in_cache
  . openedx.core.djangoapps.content.block_structure.tasks.get_course_in_cache_v2
  . openedx.core.djangoapps.content.block_structure.tasks.update_course_in_cache
  . openedx.core.djangoapps.content.block_structure.tasks.update_course_in_cache_v2
  . openedx.core.djangoapps.coursegraph.tasks.dump_course_to_neo4j
  . openedx.core.djangoapps.credit.tasks.update_credit_course_requirements
  . openedx.core.djangoapps.schedules.tasks.ScheduleCourseUpdate
  . openedx.core.djangoapps.schedules.tasks.ScheduleMessageBaseTask
  . openedx.core.djangoapps.schedules.tasks.ScheduleRecurringNudge
  . openedx.core.djangoapps.schedules.tasks.ScheduleUpgradeReminder
  . openedx.core.djangoapps.schedules.tasks._course_update_schedule_send
  . openedx.core.djangoapps.schedules.tasks._recurring_nudge_schedule_send
  . openedx.core.djangoapps.schedules.tasks._upgrade_reminder_schedule_send
  . openedx.core.djangoapps.schedules.tasks.update_course_schedules
  . openedx.core.djangoapps.service_status.tasks.delayed_[2020-01-29 01:55:46,218: INFO/MainProcess] Connected to amqp://bn_edx:**@127.0.0.1:5672//
[2020-01-29 01:55:46,232: INFO/MainProcess] mingle: searching for neighbors
[2020-01-29 01:55:47,301: INFO/MainProcess] mingle: sync with 2 nodes
[2020-01-29 01:55:47,302: INFO/MainProcess] mingle: sync complete
[2020-01-29 01:55:47,327: WARNING/MainProcess] celery@edx.cms.core.default.css-Latitude-E6440 ready.

Restarting celery worker (./manage.py cms --settings=bitnami celery worker -I contentstore.tasks --loglevel=info --queues=edx.cms.core.default --hostname=edx.cms.core.default.%h --concurrency=1)

worker: Warm shutdown (MainProcess)
ping
  . openedx.core.djangoapps.verified_track_content.tasks.sync_cohort_with_mode
  . student.tasks.send_activation_email
  . user_tasks.tasks.purge_old_user_tasks

WARNING:py.warnings:/home/css/edx-edutech/apps/edx/edx-platform/lms/djangoapps/courseware/__init__.py:5: DeprecationWarning: Importing 'lms.djangoapps.courseware' as 'courseware' is no longer supported
  warnings.warn("Importing 'lms.djangoapps.courseware' as 'courseware' is no longer supported", DeprecationWarning)

2020-01-29 13:15:25,882 WARNING 31775 [enterprise.utils] utils.py:50 - Could not import Registry from third_party_auth.provider
2020-01-29 13:15:25,882 WARNING 31775 [enterprise.utils] utils.py:51 - cannot import name EnterpriseCustomerUser
Traceback (most recent call last):
  File "./manage.py", line 123, in <module>
    execute_from_command_line([sys.argv[0]] + django_args)
  File "/home/css/edx-edutech/apps/edx/venvs/edxapp/lib/python2.7/site-packages/django/core/management/__init__.py", line 364, in execute_from_command_line
    utility.execute()
  File "/home/css/edx-edutech/apps/edx/venvs/edxapp/lib/python2.7/site-packages/django/core/management/__init__.py", line 356, in execute
    self.fetch_command(subcommand).run_from_argv(self.argv)
  File "/home/css/edx-edutech/apps/edx/venvs/edxapp/lib/python2.7/site-packages/djcelery/management/commands/celery.py", line 21, in run_from_argv
    ['{0[0]} {0[1]}'.format(argv)] + argv[2:],
  File "/home/css/edx-edutech/apps/edx/venvs/edxapp/lib/python2.7/site-packages/celery/bin/celery.py", line 793, in execute_from_commandline
    super(CeleryCommand, self).execute_from_commandline(argv)))
  File "/home/css/edx-edutech/apps/edx/venvs/edxapp/lib/python2.7/site-packages/celery/bin/base.py", line 311, in execute_from_commandline
    return self.handle_argv(self.prog_name, argv[1:])
  File "/home/css/edx-edutech/apps/edx/venvs/edxapp/lib/python2.7/site-packages/celery/bin/celery.py", line 785, in handle_argv
    return self.execute(command, argv)
  File "/home/css/edx-edutech/apps/edx/venvs/edxapp/lib/python2.7/site-packages/celery/bin/celery.py", line 717, in execute
    ).run_from_argv(self.prog_name, argv[1:], command=argv[0])
  File "/home/css/edx-edutech/apps/edx/venvs/edxapp/lib/python2.7/site-packages/celery/bin/worker.py", line 179, in run_from_argv
    return self(*args, **options)
  File "/home/css/edx-edutech/apps/edx/venvs/edxapp/lib/python2.7/site-packages/celery/bin/base.py", line 274, in __call__
    ret = self.run(*args, **kwargs)
  File "/home/css/edx-edutech/apps/edx/venvs/edxapp/lib/python2.7/site-packages/celery/bin/worker.py", line 212, in run
    state_db=self.node_format(state_db, hostname), **kwargs
  File "/home/css/edx-edutech/apps/edx/venvs/edxapp/lib/python2.7/site-packages/celery/worker/__init__.py", line 95, in __init__
    self.app.loader.init_worker()
  File "/home/css/edx-edutech/apps/edx/venvs/edxapp/lib/python2.7/site-packages/celery/loaders/base.py", line 128, in init_worker
    self.import_default_modules()
  File "/home/css/edx-edutech/apps/edx/venvs/edxapp/lib/python2.7/site-packages/celery/loaders/base.py", line 116, in import_default_modules
    signals.import_modules.send(sender=self.app)
  File "/home/css/edx-edutech/apps/edx/venvs/edxapp/lib/python2.7/site-packages/celery/utils/dispatch/signal.py", line 166, in send
    response = receiver(signal=self, sender=sender, **named)
  File "/home/css/edx-edutech/apps/edx/venvs/edxapp/lib/python2.7/site-packages/celery/fixups/django.py", line 73, in on_import_modules
    self.worker_fixup.validate_models()
  File "/home/css/edx-edutech/apps/edx/venvs/edxapp/lib/python2.7/site-packages/celery/fixups/django.py", line 173, in validate_models
    cmd.check()
  File "/home/css/edx-edutech/apps/edx/venvs/edxapp/lib/python2.7/site-packages/django/core/management/base.py", line 359, in check
    include_deployment_checks=include_deployment_checks,
  File "/home/css/edx-edutech/apps/edx/venvs/edxapp/lib/python2.7/site-packages/django/core/management/base.py", line 346, in _run_checks
    return checks.run_checks(**kwargs)
  File "/home/css/edx-edutech/apps/edx/venvs/edxapp/lib/python2.7/site-packages/django/core/checks/registry.py", line 81, in run_checks
    new_errors = check(app_configs=app_configs)
  File "/home/css/edx-edutech/apps/edx/venvs/edxapp/lib/python2.7/site-packages/django/core/checks/model_checks.py", line 30, in check_all_models
    errors.extend(model.check(**kwargs))
  File "/home/css/edx-edutech/apps/edx/venvs/edxapp/lib/python2.7/site-packages/django/db/models/base.py", line 1284, in check
    errors.extend(cls._check_fields(**kwargs))
  File "/home/css/edx-edutech/apps/edx/venvs/edxapp/lib/python2.7/site-packages/django/db/models/base.py", line 1359, in _check_fields
    errors.extend(field.check(**kwargs))
  File "/home/css/edx-edutech/apps/edx/venvs/edxapp/lib/python2.7/site-packages/django/db/models/fields/__init__.py", line 913, in check
    errors = super(AutoField, self).check(**kwargs)
  File "/home/css/edx-edutech/apps/edx/venvs/edxapp/lib/python2.7/site-packages/django/db/models/fields/__init__.py", line 219, in check
    errors.extend(self._check_backend_specific_checks(**kwargs))
  File "/home/css/edx-edutech/apps/edx/venvs/edxapp/lib/python2.7/site-packages/django/db/models/fields/__init__.py", line 322, in _check_backend_specific_checks
    return connections[db].validation.check_field(self, **kwargs)
  File "/home/css/edx-edutech/apps/edx/venvs/edxapp/lib/python2.7/site-packages/django/db/backends/mysql/validation.py", line 49, in check_field
    field_type = field.db_type(self.connection)
  File "/home/css/edx-edutech/apps/edx/venvs/edxapp/lib/python2.7/site-packages/django/db/models/fields/__init__.py", line 644, in db_type
    return connection.data_types[self.get_internal_type()] % data
  File "/home/css/edx-edutech/apps/edx/venvs/edxapp/lib/python2.7/site-packages/django/utils/functional.py", line 35, in __get__
    res = instance.__dict__[self.name] = self.func(instance)
  File "/home/css/edx-edutech/apps/edx/venvs/edxapp/lib/python2.7/site-packages/django/db/backends/mysql/base.py", line 174, in data_types
    if self.features.supports_microsecond_precision:
  File "/home/css/edx-edutech/apps/edx/venvs/edxapp/lib/python2.7/site-packages/django/utils/functional.py", line 35, in __get__
    res = instance.__dict__[self.name] = self.func(instance)
  File "/home/css/edx-edutech/apps/edx/venvs/edxapp/lib/python2.7/site-packages/django/db/backends/mysql/features.py", line 53, in supports_microsecond_precision
    return self.connection.mysql_version >= (5, 6, 4) and Database.version_info >= (1, 2, 5)
  File "/home/css/edx-edutech/apps/edx/venvs/edxapp/lib/python2.7/site-packages/django/utils/functional.py", line 35, in __get__
    res = instance.__dict__[self.name] = self.func(instance)
  File "/home/css/edx-edutech/apps/edx/venvs/edxapp/lib/python2.7/site-packages/django/db/backends/mysql/base.py", line 385, in mysql_version
    with self.temporary_connection() as cursor:
  File "/home/css/edx-edutech/python/lib/python2.7/contextlib.py", line 17, in __enter__
    return self.gen.next()
  File "/home/css/edx-edutech/apps/edx/venvs/edxapp/lib/python2.7/site-packages/django/db/backends/base/base.py", line 591, in temporary_connection
    cursor = self.cursor()
  File "/home/css/edx-edutech/apps/edx/venvs/edxapp/lib/python2.7/site-packages/django/db/backends/base/base.py", line 254, in cursor
    return self._cursor()
  File "/home/css/edx-edutech/apps/edx/venvs/edxapp/lib/python2.7/site-packages/django/db/backends/base/base.py", line 229, in _cursor
    self.ensure_connection()
  File "/home/css/edx-edutech/apps/edx/venvs/edxapp/lib/python2.7/site-packages/django/db/backends/base/base.py", line 213, in ensure_connection
    self.connect()
  File "/home/css/edx-edutech/apps/edx/venvs/edxapp/lib/python2.7/site-packages/django/db/utils.py", line 94, in __exit__
    six.reraise(dj_exc_type, dj_exc_value, traceback)
  File "/home/css/edx-edutech/apps/edx/venvs/edxapp/lib/python2.7/site-packages/django/db/backends/base/base.py", line 213, in ensure_connection
    self.connect()
  File "/home/css/edx-edutech/apps/edx/venvs/edxapp/lib/python2.7/site-packages/django/db/backends/base/base.py", line 189, in connect
    self.connection = self.get_new_connection(conn_params)
  File "/home/css/edx-edutech/apps/edx/venvs/edxapp/lib/python2.7/site-packages/django/db/backends/mysql/base.py", line 274, in get_new_connection
    conn = Database.connect(**conn_params)
  File "/home/css/edx-edutech/apps/edx/venvs/edxapp/lib/python2.7/site-packages/MySQLdb/__init__.py", line 81, in Connect
    return Connection(*args, **kwargs)
  File "/home/css/edx-edutech/apps/edx/venvs/edxapp/lib/python2.7/site-packages/MySQLdb/connections.py", line 193, in __init__
    super(Connection, self).__init__(*args, **kwargs2)
django.db.utils.OperationalError: (2002, "Can't connect to local MySQL server through socket '/home/css/edx-edutech/mysql/tmp/mysql.sock' (2)")
WARNING:py.warnings:/home/css/edx-edutech/apps/edx/edx-platform/lms/djangoapps/courseware/__init__.py:5: DeprecationWarning: Importing 'lms.djangoapps.courseware' as 'courseware' is no longer supported
  warnings.warn("Importing 'lms.djangoapps.courseware' as 'courseware' is no longer supported", DeprecationWarning)

2020-01-30 00:07:45,011 WARNING 7870 [enterprise.utils] utils.py:50 - Could not import Registry from third_party_auth.provider
2020-01-30 00:07:45,011 WARNING 7870 [enterprise.utils] utils.py:51 - cannot import name EnterpriseCustomerUser
[2020-01-30 00:07:50,426: WARNING/MainProcess] /home/css/edx-edutech/apps/edx/venvs/edxapp/lib/python2.7/site-packages/celery/apps/worker.py:161: CDeprecationWarning: 
Starting from version 3.2 Celery will refuse to accept pickle by default.

The pickle serializer is a security concern as it may give attackers
the ability to execute any command.  It's important to secure
your broker from unauthorized access when using pickle, so we think
that enabling pickle should require a deliberate action and not be
the default choice.

If you depend on pickle then you should set a setting to disable this
warning and to be sure that everything will continue working
when you upgrade to Celery 3.2::

    CELERY_ACCEPT_CONTENT = ['pickle', 'json', 'msgpack', 'yaml']

You must only enable the serializers that you will actually use.


  warnings.warn(CDeprecationWarning(W_PICKLE_DEPRECATED))

 
 -------------- celery@edx.cms.core.default.css-Latitude-E6440 v3.1.25 (Cipater)
---- **** ----- 
--- * ***  * -- Linux-4.15.0-74-generic-x86_64-with-debian-stretch-sid
-- * - **** --- 
- ** ---------- [config]
- ** ---------- .> app:         proj:0x7f56c1ce2690
- ** ---------- .> transport:   amqp://bn_edx:**@localhost:5672//
- ** ---------- .> results:     
- *** --- * --- .> concurrency: 1 (prefork)
-- ******* ---- 
--- ***** ----- [queues]
 -------------- .> edx.cms.core.default exchange=edx.cms.core(direct) key=edx.cms.core.default
                

[tasks]
  . celery_utils.tasks.mark_resolved
  . cms.djangoapps.contentstore.tasks.CourseExportTask
  . cms.djangoapps.contentstore.tasks.CourseImportTask
  . cms.djangoapps.contentstore.tasks.async_migrate_transcript
  . cms.djangoapps.contentstore.tasks.async_migrate_transcript_subtask
  . cms.djangoapps.contentstore.tasks.export_olx
  . cms.djangoapps.contentstore.tasks.import_olx
  . cms.djangoapps.contentstore.tasks.push_course_update_task
  . cms.djangoapps.contentstore.tasks.rerun_course
  . cms.djangoapps.contentstore.tasks.task_scrape_youtube_thumbnail
  . cms.djangoapps.contentstore.tasks.task_scrape_youtube_thumbnail_callback
  . cms.djangoapps.contentstore.tasks.task_status_callback
  . cms.djangoapps.contentstore.tasks.update_library_index
  . cms.djangoapps.contentstore.tasks.update_search_index
  . cms_user_tasks.tasks.send_task_complete_email
  . contentstore.tasks.CourseExportTask
  . contentstore.tasks.CourseImportTask
  . contentstore.tasks.async_migrate_transcript
  . contentstore.tasks.async_migrate_transcript_subtask
  . contentstore.tasks.export_olx
  . contentstore.tasks.import_olx
  . contentstore.tasks.push_course_update_task
  . contentstore.tasks.rerun_course
  . contentstore.tasks.task_scrape_youtube_thumbnail
  . contentstore.tasks.task_scrape_youtube_thumbnail_callback
  . contentstore.tasks.task_status_callback
  . contentstore.tasks.update_library_index
  . contentstore.tasks.update_search_index
  . edx_sga.tasks.zip_student_submissions
  . entitlements.tasks.expire_old_entitlements
  . integrated_channels.integrated_channel.tasks.transmit_content_metadata
  . integrated_channels.integrated_channel.tasks.transmit_learner_data
  . integrated_channels.integrated_channel.tasks.unlink_inactive_learners
  . lms.djangoapps.discussion.tasks.send_ace_message
  . lms.djangoapps.discussion.tasks.update_discussions_map
  . lms.djangoapps.email_marketing.tasks.get_email_cookies_via_sailthru
  . lms.djangoapps.email_marketing.tasks.update_course_enrollment
  . lms.djangoapps.email_marketing.tasks.update_user
  . lms.djangoapps.email_marketing.tasks.update_user_email
  . lms.djangoapps.grades.tasks.compute_all_grades_for_course
  . lms.djangoapps.grades.tasks.compute_grades_for_course
  . lms.djangoapps.grades.tasks.compute_grades_for_course_v2
  . lms.djangoapps.grades.tasks.recalculate_course_and_subsection_grades_for_user
  . lms.djangoapps.grades.tasks.recalculate_subsection_grade_v3
  . openedx.core.djangoapps.content.block_structure.tasks.get_course_in_cache
  . openedx.core.djangoapps.content.block_structure.tasks.get_course_in_cache_v2
  . openedx.core.djangoapps.content.block_structure.tasks.update_course_in_cache
  . openedx.core.djangoapps.content.block_structure.tasks.update_course_in_cache_v2
  . openedx.core.djangoapps.coursegraph.tasks.dump_course_to_neo4j
  . openedx.core.djangoapps.credit.tasks.update_credit_course_requirements
  . openedx.core.djangoapps.schedules.tasks.ScheduleCourseUpdate
  . openedx.core.djangoapps.schedules.tasks.ScheduleMessageBaseTask
  . openedx.core.djangoapps.schedules.tasks.ScheduleRecurringNudge
  . openedx.core.djangoapps.schedules.tasks.ScheduleUpgradeReminder
  . openedx.core.djangoapps.schedules.tasks._course_update_schedule_send
  . openedx.core.djangoapps.schedules.tasks._recurring_nudge_schedule_send
  . openedx.core.djangoapps.schedules.tasks._upgrade_reminder_schedule_send
  . openedx.core.djangoapps.schedules.tasks.update_course_schedules
  . openedx.core.djangoapps.service_status.tasks.delayed_[2020-01-30 00:07:50,604: ERROR/MainProcess] consumer: Cannot connect to amqp://bn_edx:**@127.0.0.1:5672//: [Errno 111] Connection refused.
Trying again in 2.00 seconds...

[2020-01-30 00:07:52,613: ERROR/MainProcess] consumer: Cannot connect to amqp://bn_edx:**@127.0.0.1:5672//: [Errno 111] Connection refused.
Trying again in 4.00 seconds...

[2020-01-30 00:07:56,622: ERROR/MainProcess] consumer: Cannot connect to amqp://bn_edx:**@127.0.0.1:5672//: [Errno 111] Connection refused.
Trying again in 6.00 seconds...

[2020-01-30 00:08:02,638: ERROR/MainProcess] consumer: Cannot connect to amqp://bn_edx:**@127.0.0.1:5672//: [Errno 111] Connection refused.
Trying again in 8.00 seconds...

[2020-01-30 00:08:10,655: INFO/MainProcess] Connected to amqp://bn_edx:**@127.0.0.1:5672//
[2020-01-30 00:08:10,670: INFO/MainProcess] mingle: searching for neighbors
[2020-01-30 00:08:11,745: INFO/MainProcess] mingle: all alone
[2020-01-30 00:08:11,770: WARNING/MainProcess] celery@edx.cms.core.default.css-Latitude-E6440 ready.
Killed
WARNING:py.warnings:/home/css/edx-edutech/apps/edx/edx-platform/lms/djangoapps/courseware/__init__.py:5: DeprecationWarning: Importing 'lms.djangoapps.courseware' as 'courseware' is no longer supported
  warnings.warn("Importing 'lms.djangoapps.courseware' as 'courseware' is no longer supported", DeprecationWarning)

2020-01-30 01:53:27,926 WARNING 32384 [enterprise.utils] utils.py:50 - Could not import Registry from third_party_auth.provider
2020-01-30 01:53:27,926 WARNING 32384 [enterprise.utils] utils.py:51 - cannot import name EnterpriseCustomerUser
2020-01-30 01:53:32,737 INFO 32384 [openedx.core.djangoapps.user_authn.views.register] register.py:70 - 
Registration/ Form file is Run
2020-01-30 01:53:32,748 INFO 32384 [openedx.core.djangoapps.user_api.api] api.py:26 - 
APIIIIIIIIIIIIII/ Form file is Run
2020-01-30 01:53:32,749 INFO 32384 [openedx.core.djangoapps.user_api.views] views.py:45 - 
User api/VIEW.Py/ Form file is Run
[2020-01-30 01:53:34,016: WARNING/MainProcess] /home/css/edx-edutech/apps/edx/venvs/edxapp/lib/python2.7/site-packages/celery/apps/worker.py:161: CDeprecationWarning: 
Starting from version 3.2 Celery will refuse to accept pickle by default.

The pickle serializer is a security concern as it may give attackers
the ability to execute any command.  It's important to secure
your broker from unauthorized access when using pickle, so we think
that enabling pickle should require a deliberate action and not be
the default choice.

If you depend on pickle then you should set a setting to disable this
warning and to be sure that everything will continue working
when you upgrade to Celery 3.2::

    CELERY_ACCEPT_CONTENT = ['pickle', 'json', 'msgpack', 'yaml']

You must only enable the serializers that you will actually use.


  warnings.warn(CDeprecationWarning(W_PICKLE_DEPRECATED))

 
 -------------- celery@edx.cms.core.default.css-Latitude-E6440 v3.1.25 (Cipater)
---- **** ----- 
--- * ***  * -- Linux-4.15.0-74-generic-x86_64-with-debian-stretch-sid
-- * - **** --- 
- ** ---------- [config]
- ** ---------- .> app:         proj:0x7f367314d690
- ** ---------- .> transport:   amqp://bn_edx:**@localhost:5672//
- ** ---------- .> results:     
- *** --- * --- .> concurrency: 1 (prefork)
-- ******* ---- 
--- ***** ----- [queues]
 -------------- .> edx.cms.core.default exchange=edx.cms.core(direct) key=edx.cms.core.default
                

[tasks]
  . celery_utils.tasks.mark_resolved
  . cms.djangoapps.contentstore.tasks.CourseExportTask
  . cms.djangoapps.contentstore.tasks.CourseImportTask
  . cms.djangoapps.contentstore.tasks.async_migrate_transcript
  . cms.djangoapps.contentstore.tasks.async_migrate_transcript_subtask
  . cms.djangoapps.contentstore.tasks.export_olx
  . cms.djangoapps.contentstore.tasks.import_olx
  . cms.djangoapps.contentstore.tasks.push_course_update_task
  . cms.djangoapps.contentstore.tasks.rerun_course
  . cms.djangoapps.contentstore.tasks.task_scrape_youtube_thumbnail
  . cms.djangoapps.contentstore.tasks.task_scrape_youtube_thumbnail_callback
  . cms.djangoapps.contentstore.tasks.task_status_callback
  . cms.djangoapps.contentstore.tasks.update_library_index
  . cms.djangoapps.contentstore.tasks.update_search_index
  . cms_user_tasks.tasks.send_task_complete_email
  . contentstore.tasks.CourseExportTask
  . contentstore.tasks.CourseImportTask
  . contentstore.tasks.async_migrate_transcript
  . contentstore.tasks.async_migrate_transcript_subtask
  . contentstore.tasks.export_olx
  . contentstore.tasks.import_olx
  . contentstore.tasks.push_course_update_task
  . contentstore.tasks.rerun_course
  . contentstore.tasks.task_scrape_youtube_thumbnail
  . contentstore.tasks.task_scrape_youtube_thumbnail_callback
  . contentstore.tasks.task_status_callback
  . contentstore.tasks.update_library_index
  . contentstore.tasks.update_search_index
  . edx_sga.tasks.zip_student_submissions
  . entitlements.tasks.expire_old_entitlements
  . integrated_channels.integrated_channel.tasks.transmit_content_metadata
  . integrated_channels.integrated_channel.tasks.transmit_learner_data
  . integrated_channels.integrated_channel.tasks.unlink_inactive_learners
  . lms.djangoapps.discussion.tasks.send_ace_message
  . lms.djangoapps.discussion.tasks.update_discussions_map
  . lms.djangoapps.email_marketing.tasks.get_email_cookies_via_sailthru
  . lms.djangoapps.email_marketing.tasks.update_course_enrollment
  . lms.djangoapps.email_marketing.tasks.update_user
  . lms.djangoapps.email_marketing.tasks.update_user_email
  . lms.djangoapps.grades.tasks.compute_all_grades_for_course
  . lms.djangoapps.grades.tasks.compute_grades_for_course
  . lms.djangoapps.grades.tasks.compute_grades_for_course_v2
  . lms.djangoapps.grades.tasks.recalculate_course_and_subsection_grades_for_user
  . lms.djangoapps.grades.tasks.recalculate_subsection_grade_v3
  . openedx.core.djangoapps.content.block_structure.tasks.get_course_in_cache
  . openedx.core.djangoapps.content.block_structure.tasks.get_course_in_cache_v2
  . openedx.core.djangoapps.content.block_structure.tasks.update_course_in_cache
  . openedx.core.djangoapps.content.block_structure.tasks.update_course_in_cache_v2
  . openedx.core.djangoapps.coursegraph.tasks.dump_course_to_neo4j
  . openedx.core.djangoapps.credit.tasks.update_credit_course_requirements
  . openedx.core.djangoapps.schedules.tasks.ScheduleCourseUpdate
  . openedx.core.djangoapps.schedules.tasks.ScheduleMessageBaseTask
  . openedx.core.djangoapps.schedules.tasks.ScheduleRecurringNudge
  . openedx.core.djangoapps.schedules.tasks.ScheduleUpgradeReminder
  . openedx.core.djangoapps.schedules.tasks._course_update_schedule_send
  . openedx.core.djangoapps.schedules.tasks._recurring_nudge_schedule_send
  . openedx.core.djangoapps.schedules.tasks._upgrade_reminder_schedule_send
  . openedx.core.djangoapps.schedules.tasks.update_course_schedules
  . openedx.core.djangoapps.service_status.tasks.delayed_[2020-01-30 01:53:34,299: ERROR/MainProcess] consumer: Cannot connect to amqp://bn_edx:**@127.0.0.1:5672//: [Errno 111] Connection refused.
Trying again in 2.00 seconds...

[2020-01-30 01:53:36,326: ERROR/MainProcess] consumer: Cannot connect to amqp://bn_edx:**@127.0.0.1:5672//: [Errno 111] Connection refused.
Trying again in 4.00 seconds...

[2020-01-30 01:53:40,340: ERROR/MainProcess] consumer: Cannot connect to amqp://bn_edx:**@127.0.0.1:5672//: [Errno 111] Connection refused.
Trying again in 6.00 seconds...

[2020-01-30 01:53:46,355: INFO/MainProcess] Connected to amqp://bn_edx:**@127.0.0.1:5672//
[2020-01-30 01:53:46,369: INFO/MainProcess] mingle: searching for neighbors
[2020-01-30 01:53:47,418: INFO/MainProcess] mingle: all alone
[2020-01-30 01:53:47,440: WARNING/MainProcess] celery@edx.cms.core.default.css-Latitude-E6440 ready.
Killed
WARNING:py.warnings:/home/css/edx-edutech/apps/edx/edx-platform/lms/djangoapps/courseware/__init__.py:5: DeprecationWarning: Importing 'lms.djangoapps.courseware' as 'courseware' is no longer supported
  warnings.warn("Importing 'lms.djangoapps.courseware' as 'courseware' is no longer supported", DeprecationWarning)

2020-01-30 02:08:22,429 WARNING 14193 [enterprise.utils] utils.py:50 - Could not import Registry from third_party_auth.provider
2020-01-30 02:08:22,429 WARNING 14193 [enterprise.utils] utils.py:51 - cannot import name EnterpriseCustomerUser
2020-01-30 02:08:25,754 INFO 14193 [student.forms] forms.py:36 - Student/ Form file is Run
2020-01-30 02:08:27,617 INFO 14193 [openedx.core.djangoapps.user_authn.views.register] register.py:70 - 
Registration/ Form file is Run
2020-01-30 02:08:27,631 INFO 14193 [openedx.core.djangoapps.user_api.api] api.py:26 - 
APIIIIIIIIIIIIII/ Form file is Run
2020-01-30 02:08:27,631 INFO 14193 [openedx.core.djangoapps.user_api.views] views.py:45 - 
User api/VIEW.Py/ Form file is Run
[2020-01-30 02:08:28,968: WARNING/MainProcess] /home/css/edx-edutech/apps/edx/venvs/edxapp/lib/python2.7/site-packages/celery/apps/worker.py:161: CDeprecationWarning: 
Starting from version 3.2 Celery will refuse to accept pickle by default.

The pickle serializer is a security concern as it may give attackers
the ability to execute any command.  It's important to secure
your broker from unauthorized access when using pickle, so we think
that enabling pickle should require a deliberate action and not be
the default choice.

If you depend on pickle then you should set a setting to disable this
warning and to be sure that everything will continue working
when you upgrade to Celery 3.2::

    CELERY_ACCEPT_CONTENT = ['pickle', 'json', 'msgpack', 'yaml']

You must only enable the serializers that you will actually use.


  warnings.warn(CDeprecationWarning(W_PICKLE_DEPRECATED))

 
 -------------- celery@edx.cms.core.default.css-Latitude-E6440 v3.1.25 (Cipater)
---- **** ----- 
--- * ***  * -- Linux-4.15.0-74-generic-x86_64-with-debian-stretch-sid
-- * - **** --- 
- ** ---------- [config]
- ** ---------- .> app:         proj:0x7fc69f373690
- ** ---------- .> transport:   amqp://bn_edx:**@localhost:5672//
- ** ---------- .> results:     
- *** --- * --- .> concurrency: 1 (prefork)
-- ******* ---- 
--- ***** ----- [queues]
 -------------- .> edx.cms.core.default exchange=edx.cms.core(direct) key=edx.cms.core.default
                

[tasks]
  . celery_utils.tasks.mark_resolved
  . cms.djangoapps.contentstore.tasks.CourseExportTask
  . cms.djangoapps.contentstore.tasks.CourseImportTask
  . cms.djangoapps.contentstore.tasks.async_migrate_transcript
  . cms.djangoapps.contentstore.tasks.async_migrate_transcript_subtask
  . cms.djangoapps.contentstore.tasks.export_olx
  . cms.djangoapps.contentstore.tasks.import_olx
  . cms.djangoapps.contentstore.tasks.push_course_update_task
  . cms.djangoapps.contentstore.tasks.rerun_course
  . cms.djangoapps.contentstore.tasks.task_scrape_youtube_thumbnail
  . cms.djangoapps.contentstore.tasks.task_scrape_youtube_thumbnail_callback
  . cms.djangoapps.contentstore.tasks.task_status_callback
  . cms.djangoapps.contentstore.tasks.update_library_index
  . cms.djangoapps.contentstore.tasks.update_search_index
  . cms_user_tasks.tasks.send_task_complete_email
  . contentstore.tasks.CourseExportTask
  . contentstore.tasks.CourseImportTask
  . contentstore.tasks.async_migrate_transcript
  . contentstore.tasks.async_migrate_transcript_subtask
  . contentstore.tasks.export_olx
  . contentstore.tasks.import_olx
  . contentstore.tasks.push_course_update_task
  . contentstore.tasks.rerun_course
  . contentstore.tasks.task_scrape_youtube_thumbnail
  . contentstore.tasks.task_scrape_youtube_thumbnail_callback
  . contentstore.tasks.task_status_callback
  . contentstore.tasks.update_library_index
  . contentstore.tasks.update_search_index
  . edx_sga.tasks.zip_student_submissions
  . entitlements.tasks.expire_old_entitlements
  . integrated_channels.integrated_channel.tasks.transmit_content_metadata
  . integrated_channels.integrated_channel.tasks.transmit_learner_data
  . integrated_channels.integrated_channel.tasks.unlink_inactive_learners
  . lms.djangoapps.discussion.tasks.send_ace_message
  . lms.djangoapps.discussion.tasks.update_discussions_map
  . lms.djangoapps.email_marketing.tasks.get_email_cookies_via_sailthru
  . lms.djangoapps.email_marketing.tasks.update_course_enrollment
  . lms.djangoapps.email_marketing.tasks.update_user
  . lms.djangoapps.email_marketing.tasks.update_user_email
  . lms.djangoapps.grades.tasks.compute_all_grades_for_course
  . lms.djangoapps.grades.tasks.compute_grades_for_course
  . lms.djangoapps.grades.tasks.compute_grades_for_course_v2
  . lms.djangoapps.grades.tasks.recalculate_course_and_subsection_grades_for_user
  . lms.djangoapps.grades.tasks.recalculate_subsection_grade_v3
  . openedx.core.djangoapps.content.block_structure.tasks.get_course_in_cache
  . openedx.core.djangoapps.content.block_structure.tasks.get_course_in_cache_v2
  . openedx.core.djangoapps.content.block_structure.tasks.update_course_in_cache
  . openedx.core.djangoapps.content.block_structure.tasks.update_course_in_cache_v2
  . openedx.core.djangoapps.coursegraph.tasks.dump_course_to_neo4j
  . openedx.core.djangoapps.credit.tasks.update_credit_course_requirements
  . openedx.core.djangoapps.schedules.tasks.ScheduleCourseUpdate
  . openedx.core.djangoapps.schedules.tasks.ScheduleMessageBaseTask
  . openedx.core.djangoapps.schedules.tasks.ScheduleRecurringNudge
  . openedx.core.djangoapps.schedules.tasks.ScheduleUpgradeReminder
  . openedx.core.djangoapps.schedules.tasks._course_update_schedule_send
  . openedx.core.djangoapps.schedules.tasks._recurring_nudge_schedule_send
  . openedx.core.djangoapps.schedules.tasks._upgrade_reminder_schedule_send
  . openedx.core.djangoapps.schedules.tasks.update_course_schedules
  . openedx.core.djangoapps.service_status.tasks.delayed_[2020-01-30 02:08:29,290: ERROR/MainProcess] consumer: Cannot connect to amqp://bn_edx:**@127.0.0.1:5672//: [Errno 111] Connection refused.
Trying again in 2.00 seconds...

[2020-01-30 02:08:31,303: ERROR/MainProcess] consumer: Cannot connect to amqp://bn_edx:**@127.0.0.1:5672//: [Errno 111] Connection refused.
Trying again in 4.00 seconds...

[2020-01-30 02:08:35,313: ERROR/MainProcess] consumer: Cannot connect to amqp://bn_edx:**@127.0.0.1:5672//: [Errno 111] Connection refused.
Trying again in 6.00 seconds...

[2020-01-30 02:08:41,334: INFO/MainProcess] Connected to amqp://bn_edx:**@127.0.0.1:5672//
[2020-01-30 02:08:41,348: INFO/MainProcess] mingle: searching for neighbors
[2020-01-30 02:08:42,426: INFO/MainProcess] mingle: sync with 2 nodes
[2020-01-30 02:08:42,427: INFO/MainProcess] mingle: sync complete
[2020-01-30 02:08:42,449: WARNING/MainProcess] celery@edx.cms.core.default.css-Latitude-E6440 ready.
